  car.cpp
  pointers.cpp
C:\Users\Колледж\source\repos\pointers\pointers\fraction.h(14,4): warning C4154: удаление массива; выполнено преобразование к указателю
  (компиляция исходного файла "pointers.cpp")
  
C:\Users\Колледж\source\repos\pointers\pointers\Student.h(14,13): warning C4154: удаление массива; выполнено преобразование к указателю
  (компиляция исходного файла "pointers.cpp")
  
C:\Users\Колледж\source\repos\pointers\pointers\Student.h(18,13): warning C4154: удаление массива; выполнено преобразование к указателю
  (компиляция исходного файла "pointers.cpp")
  
C:\Users\Колледж\source\repos\pointers\pointers\Student.h(22,13): warning C4154: удаление массива; выполнено преобразование к указателю
  (компиляция исходного файла "pointers.cpp")
  
C:\Users\Колледж\source\repos\pointers\pointers\Student.h(26,13): warning C4154: удаление массива; выполнено преобразование к указателю
  (компиляция исходного файла "pointers.cpp")
  
C:\Users\Колледж\source\repos\pointers\pointers\Student.h(30,13): warning C4154: удаление массива; выполнено преобразование к указателю
  (компиляция исходного файла "pointers.cpp")
  
C:\Users\Колледж\source\repos\pointers\pointers\Student.h(34,13): warning C4154: удаление массива; выполнено преобразование к указателю
  (компиляция исходного файла "pointers.cpp")
  
C:\Users\Колледж\source\repos\pointers\pointers\pointers.cpp(9,11): error C2039: "Input": не является членом "Car".
      C:\Users\Колледж\source\repos\pointers\pointers\car.h(5,7):
       см. объявление "Car"
  
C:\Users\Колледж\source\repos\pointers\pointers\pointers.cpp(14,17): error C2065: stamp: необъявленный идентификатор
C:\Users\Колледж\source\repos\pointers\pointers\pointers.cpp(17,17): error C2065: year: необъявленный идентификатор
C:\Users\Колледж\source\repos\pointers\pointers\pointers.cpp(23,11): error C2039: "Print_1": не является членом "Car".
      C:\Users\Колледж\source\repos\pointers\pointers\car.h(5,7):
       см. объявление "Car"
  
C:\Users\Колледж\source\repos\pointers\pointers\pointers.cpp(25,52): error C2065: stamp: необъявленный идентификатор
C:\Users\Колледж\source\repos\pointers\pointers\pointers.cpp(26,42): error C2065: year: необъявленный идентификатор
C:\Users\Колледж\source\repos\pointers\pointers\pointers.cpp(27,48): error C2065: horsepower: необъявленный идентификатор
  Student.cpp
C:\Users\Колледж\source\repos\pointers\pointers\Student.h(6,12): error C3646: ychzav: неизвестный спецификатор переопределения
  (компиляция исходного файла "Student.cpp")
  
C:\Users\Колледж\source\repos\pointers\pointers\Student.h(6,5): error C4430: отсутствует спецификатор типа - предполагается int. Примечание. C++ не поддерживает int по умолчанию
  (компиляция исходного файла "Student.cpp")
  
C:\Users\Колледж\source\repos\pointers\pointers\Student.h(56,12): error C3646: getychzav: неизвестный спецификатор переопределения
  (компиляция исходного файла "Student.cpp")
  
C:\Users\Колледж\source\repos\pointers\pointers\Student.h(56,21): error C2059: синтаксическая ошибка: (
  (компиляция исходного файла "Student.cpp")
  
C:\Users\Колледж\source\repos\pointers\pointers\Student.h(56,29): error C2334: непредвиденные лексемы перед "{"; пропуск вероятного тела функции
  (компиляция исходного файла "Student.cpp")
  
C:\Users\Колледж\source\repos\pointers\pointers\Student.h(59,12): error C3646: setychzav: неизвестный спецификатор переопределения
  (компиляция исходного файла "Student.cpp")
  
C:\Users\Колледж\source\repos\pointers\pointers\Student.h(59,21): error C2059: синтаксическая ошибка: (
  (компиляция исходного файла "Student.cpp")
  
C:\Users\Колледж\source\repos\pointers\pointers\Student.h(59,47): error C2334: непредвиденные лексемы перед "{"; пропуск вероятного тела функции
  (компиляция исходного файла "Student.cpp")
  
C:\Users\Колледж\source\repos\pointers\pointers\Student.h(14,13): warning C4154: удаление массива; выполнено преобразование к указателю
  (компиляция исходного файла "Student.cpp")
  
C:\Users\Колледж\source\repos\pointers\pointers\Student.h(18,13): warning C4154: удаление массива; выполнено преобразование к указателю
  (компиляция исходного файла "Student.cpp")
  
C:\Users\Колледж\source\repos\pointers\pointers\Student.h(22,13): warning C4154: удаление массива; выполнено преобразование к указателю
  (компиляция исходного файла "Student.cpp")
  
C:\Users\Колледж\source\repos\pointers\pointers\Student.h(26,13): warning C4154: удаление массива; выполнено преобразование к указателю
  (компиляция исходного файла "Student.cpp")
  
C:\Users\Колледж\source\repos\pointers\pointers\Student.h(30,13): warning C4154: удаление массива; выполнено преобразование к указателю
  (компиляция исходного файла "Student.cpp")
  
C:\Users\Колледж\source\repos\pointers\pointers\Student.h(34,13): warning C4154: удаление массива; выполнено преобразование к указателю
  (компиляция исходного файла "Student.cpp")
  
  Создание кода...
